<?xml version="1.0" encoding="UTF-8"?>
<testng-results skipped="0" failed="0" total="1" passed="1">
  <reporter-output>
  </reporter-output>
  <suite name="Default suite" duration-ms="30073" started-at="2021-03-10T08:05:03Z" finished-at="2021-03-10T08:05:33Z">
    <groups>
    </groups>
    <test name="Default test" duration-ms="30073" started-at="2021-03-10T08:05:03Z" finished-at="2021-03-10T08:05:33Z">
      <class name="com.appium_sdet10.interConnection">
        <test-method status="PASS" signature="conn()[pri:0, instance:com.appium_sdet10.interConnection@204f30ec]" name="conn" duration-ms="30042" started-at="2021-03-10T13:35:03Z" finished-at="2021-03-10T13:35:33Z">
          <reporter-output>
          </reporter-output>
        </test-method> <!-- conn -->
      </class> <!-- com.appium_sdet10.interConnection -->
    </test> <!-- Default test -->
  </suite> <!-- Default suite -->
</testng-results>
